<?xml version="1.0" encoding="UTF-8"?>
<coverage generated="1585760143951" clover="3.2.0">
  <project timestamp="1585760143951" name="All files">
    <metrics statements="67" coveredstatements="47" conditionals="25" coveredconditionals="17" methods="30" coveredmethods="19" elements="122" coveredelements="83" complexity="0" loc="67" ncloc="67" packages="6" files="11" classes="11">
      <package name="src">
        <metrics statements="2" coveredstatements="2" conditionals="0" coveredconditionals="0" methods="1" coveredmethods="1"/>
        <file name="routes.jsx" path="/Users/jaydev/Projects/distru/rocket-ui-test/src/routes.jsx">
          <metrics statements="2" coveredstatements="2" conditionals="0" coveredconditionals="0" methods="1" coveredmethods="1"/>
          <line num="8" count="1" type="stmt"/>
          <line num="9" count="1" type="stmt"/>
        </file>
      </package>
      <package name="src.actions">
        <metrics statements="9" coveredstatements="9" conditionals="4" coveredconditionals="3" methods="6" coveredmethods="4"/>
        <file name="Launches.js" path="/Users/jaydev/Projects/distru/rocket-ui-test/src/actions/Launches.js">
          <metrics statements="9" coveredstatements="9" conditionals="4" coveredconditionals="3" methods="6" coveredmethods="4"/>
          <line num="3" count="1" type="stmt"/>
          <line num="8" count="1" type="stmt"/>
          <line num="12" count="1" type="stmt"/>
          <line num="19" count="1" type="stmt"/>
          <line num="20" count="1" type="stmt"/>
          <line num="21" count="1" type="stmt"/>
          <line num="24" count="1" type="cond" truecount="1" falsecount="1"/>
          <line num="26" count="1" type="stmt"/>
          <line num="27" count="1" type="cond" truecount="2" falsecount="0"/>
        </file>
      </package>
      <package name="src.components">
        <metrics statements="6" coveredstatements="5" conditionals="6" coveredconditionals="5" methods="3" coveredmethods="2"/>
        <file name="Launch.jsx" path="/Users/jaydev/Projects/distru/rocket-ui-test/src/components/Launch.jsx">
          <metrics statements="4" coveredstatements="3" conditionals="6" coveredconditionals="5" methods="2" coveredmethods="1"/>
          <line num="4" count="2" type="stmt"/>
          <line num="6" count="1" type="cond" truecount="1" falsecount="1"/>
          <line num="8" count="1" type="stmt"/>
          <line num="9" count="0" type="stmt"/>
        </file>
        <file name="Navigation.jsx" path="/Users/jaydev/Projects/distru/rocket-ui-test/src/components/Navigation.jsx">
          <metrics statements="2" coveredstatements="2" conditionals="0" coveredconditionals="0" methods="1" coveredmethods="1"/>
          <line num="4" count="2" type="stmt"/>
          <line num="5" count="2" type="stmt"/>
        </file>
      </package>
      <package name="src.services">
        <metrics statements="8" coveredstatements="7" conditionals="0" coveredconditionals="0" methods="2" coveredmethods="1"/>
        <file name="SPACEXService.js" path="/Users/jaydev/Projects/distru/rocket-ui-test/src/services/SPACEXService.js">
          <metrics statements="8" coveredstatements="7" conditionals="0" coveredconditionals="0" methods="2" coveredmethods="1"/>
          <line num="3" count="1" type="stmt"/>
          <line num="4" count="1" type="stmt"/>
          <line num="5" count="1" type="stmt"/>
          <line num="7" count="1" type="stmt"/>
          <line num="9" count="1" type="stmt"/>
          <line num="10" count="1" type="stmt"/>
          <line num="13" count="1" type="stmt"/>
          <line num="14" count="0" type="stmt"/>
        </file>
      </package>
      <package name="src.stores">
        <metrics statements="7" coveredstatements="6" conditionals="3" coveredconditionals="3" methods="3" coveredmethods="2"/>
        <file name="LaunchCollectionReducer.js" path="/Users/jaydev/Projects/distru/rocket-ui-test/src/stores/LaunchCollectionReducer.js">
          <metrics statements="5" coveredstatements="4" conditionals="3" coveredconditionals="3" methods="3" coveredmethods="2"/>
          <line num="3" count="1" type="stmt"/>
          <line num="8" count="1" type="stmt"/>
          <line num="9" count="1" type="stmt"/>
          <line num="13" count="0" type="stmt"/>
          <line num="21" count="4" type="cond" truecount="2" falsecount="0"/>
        </file>
        <file name="Root.js" path="/Users/jaydev/Projects/distru/rocket-ui-test/src/stores/Root.js">
          <metrics statements="2" coveredstatements="2" conditionals="0" coveredconditionals="0" methods="0" coveredmethods="0"/>
          <line num="5" count="1" type="stmt"/>
          <line num="9" count="1" type="stmt"/>
        </file>
      </package>
      <package name="src.views">
        <metrics statements="35" coveredstatements="18" conditionals="12" coveredconditionals="6" methods="15" coveredmethods="9"/>
        <file name="ConnectedView.jsx" path="/Users/jaydev/Projects/distru/rocket-ui-test/src/views/ConnectedView.jsx">
          <metrics statements="7" coveredstatements="6" conditionals="0" coveredconditionals="0" methods="5" coveredmethods="4"/>
          <line num="8" count="1" type="stmt"/>
          <line num="18" count="0" type="stmt"/>
          <line num="22" count="2" type="stmt"/>
          <line num="27" count="2" type="stmt"/>
          <line num="37" count="2" type="stmt"/>
          <line num="39" count="1" type="stmt"/>
          <line num="43" count="1" type="stmt"/>
        </file>
        <file name="ErrorBoundry.jsx" path="/Users/jaydev/Projects/distru/rocket-ui-test/src/views/ErrorBoundry.jsx">
          <metrics statements="5" coveredstatements="2" conditionals="2" coveredconditionals="1" methods="3" coveredmethods="1"/>
          <line num="11" count="0" type="stmt"/>
          <line num="15" count="0" type="stmt"/>
          <line num="19" count="2" type="cond" truecount="1" falsecount="1"/>
          <line num="21" count="0" type="stmt"/>
          <line num="25" count="2" type="stmt"/>
        </file>
        <file name="Launches.jsx" path="/Users/jaydev/Projects/distru/rocket-ui-test/src/views/Launches.jsx">
          <metrics statements="21" coveredstatements="8" conditionals="10" coveredconditionals="5" methods="6" coveredmethods="3"/>
          <line num="17" count="1" type="stmt"/>
          <line num="18" count="1" type="stmt"/>
          <line num="25" count="0" type="cond" truecount="0" falsecount="2"/>
          <line num="26" count="0" type="stmt"/>
          <line num="30" count="0" type="stmt"/>
          <line num="33" count="0" type="cond" truecount="0" falsecount="2"/>
          <line num="34" count="0" type="stmt"/>
          <line num="35" count="0" type="stmt"/>
          <line num="39" count="0" type="stmt"/>
          <line num="47" count="2" type="stmt"/>
          <line num="49" count="2" type="cond" truecount="4" falsecount="0"/>
          <line num="50" count="1" type="stmt"/>
          <line num="53" count="1" type="cond" truecount="1" falsecount="1"/>
          <line num="54" count="1" type="stmt"/>
          <line num="57" count="0" type="stmt"/>
          <line num="59" count="0" type="stmt"/>
          <line num="60" count="0" type="stmt"/>
          <line num="62" count="0" type="stmt"/>
          <line num="68" count="0" type="stmt"/>
          <line num="74" count="0" type="stmt"/>
          <line num="78" count="2" type="stmt"/>
        </file>
        <file name="Layout.jsx" path="/Users/jaydev/Projects/distru/rocket-ui-test/src/views/Layout.jsx">
          <metrics statements="2" coveredstatements="2" conditionals="0" coveredconditionals="0" methods="1" coveredmethods="1"/>
          <line num="3" count="1" type="stmt"/>
          <line num="6" count="2" type="stmt"/>
        </file>
      </package>
    </metrics>
  </project>
</coverage>
