{"/Users/jaydev/Projects/distru/rocket-ui-test/src/routes.jsx": {"path":"/Users/jaydev/Projects/distru/rocket-ui-test/src/routes.jsx","statementMap":{"0":{"start":{"line":8,"column":15},"end":{"line":15,"column":1}},"1":{"start":{"line":9,"column":2},"end":{"line":14,"column":11}}},"fnMap":{"0":{"name":"(anonymous_0)","decl":{"start":{"line":8,"column":15},"end":{"line":8,"column":16}},"loc":{"start":{"line":9,"column":2},"end":{"line":14,"column":11}},"line":9}},"branchMap":{},"s":{"0":1,"1":1},"f":{"0":1},"b":{},"_coverageSchema":"332fd63041d2c1bcb487cc26dd0d5f7d97098a6c","hash":"479c2998cb999a1f6ab55079b527c613d42920a1"}
,"/Users/jaydev/Projects/distru/rocket-ui-test/src/actions/Launches.js": {"path":"/Users/jaydev/Projects/distru/rocket-ui-test/src/actions/Launches.js","statementMap":{"0":{"start":{"line":3,"column":23},"end":{"line":6,"column":1}},"1":{"start":{"line":8,"column":31},"end":{"line":10,"column":2}},"2":{"start":{"line":8,"column":38},"end":{"line":10,"column":1}},"3":{"start":{"line":12,"column":24},"end":{"line":17,"column":2}},"4":{"start":{"line":12,"column":37},"end":{"line":17,"column":1}},"5":{"start":{"line":19,"column":29},"end":{"line":22,"column":1}},"6":{"start":{"line":20,"column":2},"end":{"line":20,"column":30}},"7":{"start":{"line":21,"column":2},"end":{"line":21,"column":83}},"8":{"start":{"line":21,"column":46},"end":{"line":21,"column":81}},"9":{"start":{"line":24,"column":28},"end":{"line":24,"column":95}},"10":{"start":{"line":24,"column":48},"end":{"line":24,"column":95}},"11":{"start":{"line":26,"column":37},"end":{"line":27,"column":66}},"12":{"start":{"line":27,"column":2},"end":{"line":27,"column":66}}},"fnMap":{"0":{"name":"(anonymous_0)","decl":{"start":{"line":8,"column":31},"end":{"line":8,"column":32}},"loc":{"start":{"line":8,"column":38},"end":{"line":10,"column":1}},"line":8},"1":{"name":"(anonymous_1)","decl":{"start":{"line":12,"column":24},"end":{"line":12,"column":25}},"loc":{"start":{"line":12,"column":37},"end":{"line":17,"column":1}},"line":12},"2":{"name":"(anonymous_2)","decl":{"start":{"line":19,"column":29},"end":{"line":19,"column":30}},"loc":{"start":{"line":19,"column":41},"end":{"line":22,"column":1}},"line":19},"3":{"name":"(anonymous_3)","decl":{"start":{"line":21,"column":34},"end":{"line":21,"column":35}},"loc":{"start":{"line":21,"column":46},"end":{"line":21,"column":81}},"line":21},"4":{"name":"(anonymous_4)","decl":{"start":{"line":24,"column":28},"end":{"line":24,"column":29}},"loc":{"start":{"line":24,"column":48},"end":{"line":24,"column":95}},"line":24},"5":{"name":"(anonymous_5)","decl":{"start":{"line":26,"column":37},"end":{"line":26,"column":38}},"loc":{"start":{"line":27,"column":2},"end":{"line":27,"column":66}},"line":27}},"branchMap":{"0":{"loc":{"start":{"line":24,"column":48},"end":{"line":24,"column":95}},"type":"binary-expr","locations":[{"start":{"line":24,"column":48},"end":{"line":24,"column":65}},{"start":{"line":24,"column":69},"end":{"line":24,"column":95}}],"line":24},"1":{"loc":{"start":{"line":27,"column":2},"end":{"line":27,"column":66}},"type":"binary-expr","locations":[{"start":{"line":27,"column":2},"end":{"line":27,"column":39}},{"start":{"line":27,"column":43},"end":{"line":27,"column":66}}],"line":27}},"s":{"0":1,"1":1,"2":1,"3":1,"4":0,"5":1,"6":1,"7":1,"8":0,"9":1,"10":1,"11":1,"12":1},"f":{"0":1,"1":0,"2":1,"3":0,"4":1,"5":1},"b":{"0":[1,0],"1":[1,1]},"_coverageSchema":"332fd63041d2c1bcb487cc26dd0d5f7d97098a6c","hash":"06f2807ef49289847883cb33ec45c12cad4d43bb"}
,"/Users/jaydev/Projects/distru/rocket-ui-test/src/components/Launch.jsx": {"path":"/Users/jaydev/Projects/distru/rocket-ui-test/src/components/Launch.jsx","statementMap":{"0":{"start":{"line":4,"column":16},"end":{"line":21,"column":1}},"1":{"start":{"line":6,"column":16},"end":{"line":6,"column":93}},"2":{"start":{"line":8,"column":2},"end":{"line":20,"column":4}},"3":{"start":{"line":9,"column":58},"end":{"line":9,"column":120}}},"fnMap":{"0":{"name":"(anonymous_0)","decl":{"start":{"line":4,"column":16},"end":{"line":4,"column":17}},"loc":{"start":{"line":4,"column":89},"end":{"line":21,"column":1}},"line":4},"1":{"name":"(anonymous_1)","decl":{"start":{"line":9,"column":52},"end":{"line":9,"column":53}},"loc":{"start":{"line":9,"column":58},"end":{"line":9,"column":120}},"line":9}},"branchMap":{"0":{"loc":{"start":{"line":6,"column":27},"end":{"line":6,"column":90}},"type":"cond-expr","locations":[{"start":{"line":6,"column":77},"end":{"line":6,"column":81}},{"start":{"line":6,"column":84},"end":{"line":6,"column":90}}],"line":6},"1":{"loc":{"start":{"line":15,"column":22},"end":{"line":15,"column":76}},"type":"binary-expr","locations":[{"start":{"line":15,"column":22},"end":{"line":15,"column":39}},{"start":{"line":15,"column":43},"end":{"line":15,"column":76}}],"line":15},"2":{"loc":{"start":{"line":16,"column":29},"end":{"line":16,"column":79}},"type":"binary-expr","locations":[{"start":{"line":16,"column":29},"end":{"line":16,"column":46}},{"start":{"line":16,"column":50},"end":{"line":16,"column":79}}],"line":16}},"s":{"0":2,"1":1,"2":1,"3":0},"f":{"0":1,"1":0},"b":{"0":[0,1],"1":[1,1],"2":[1,1]},"_coverageSchema":"332fd63041d2c1bcb487cc26dd0d5f7d97098a6c","hash":"c80734988dd51638dcd823795826f520d1826ba8"}
,"/Users/jaydev/Projects/distru/rocket-ui-test/src/components/Navigation.jsx": {"path":"/Users/jaydev/Projects/distru/rocket-ui-test/src/components/Navigation.jsx","statementMap":{"0":{"start":{"line":4,"column":19},"end":{"line":8,"column":1}},"1":{"start":{"line":5,"column":2},"end":{"line":7,"column":7}}},"fnMap":{"0":{"name":"(anonymous_0)","decl":{"start":{"line":4,"column":19},"end":{"line":4,"column":20}},"loc":{"start":{"line":5,"column":2},"end":{"line":7,"column":7}},"line":5}},"branchMap":{},"s":{"0":2,"1":2},"f":{"0":2},"b":{},"_coverageSchema":"332fd63041d2c1bcb487cc26dd0d5f7d97098a6c","hash":"bda333602b01556fb3b342dff7b595bf5904de89"}
,"/Users/jaydev/Projects/distru/rocket-ui-test/src/services/SPACEXService.js": {"path":"/Users/jaydev/Projects/distru/rocket-ui-test/src/services/SPACEXService.js","statementMap":{"0":{"start":{"line":3,"column":21},"end":{"line":3,"column":52}},"1":{"start":{"line":4,"column":19},"end":{"line":4,"column":45}},"2":{"start":{"line":5,"column":18},"end":{"line":5,"column":43}},"3":{"start":{"line":7,"column":12},"end":{"line":7,"column":26}},"4":{"start":{"line":9,"column":29},"end":{"line":11,"column":1}},"5":{"start":{"line":10,"column":13},"end":{"line":10,"column":37}},"6":{"start":{"line":13,"column":29},"end":{"line":15,"column":1}},"7":{"start":{"line":14,"column":21},"end":{"line":14,"column":56}}},"fnMap":{"0":{"name":"(anonymous_0)","decl":{"start":{"line":10,"column":7},"end":{"line":10,"column":8}},"loc":{"start":{"line":10,"column":13},"end":{"line":10,"column":37}},"line":10},"1":{"name":"(anonymous_1)","decl":{"start":{"line":14,"column":7},"end":{"line":14,"column":8}},"loc":{"start":{"line":14,"column":21},"end":{"line":14,"column":56}},"line":14}},"branchMap":{},"s":{"0":1,"1":1,"2":1,"3":1,"4":1,"5":1,"6":1,"7":0},"f":{"0":1,"1":0},"b":{},"_coverageSchema":"332fd63041d2c1bcb487cc26dd0d5f7d97098a6c","hash":"239a0ac5da76b4dea7b07bebe523d7af41d6ab2e"}
,"/Users/jaydev/Projects/distru/rocket-ui-test/src/stores/LaunchCollectionReducer.js": {"path":"/Users/jaydev/Projects/distru/rocket-ui-test/src/stores/LaunchCollectionReducer.js","statementMap":{"0":{"start":{"line":3,"column":21},"end":{"line":6,"column":1}},"1":{"start":{"line":8,"column":23},"end":{"line":18,"column":1}},"2":{"start":{"line":9,"column":46},"end":{"line":12,"column":3}},"3":{"start":{"line":13,"column":54},"end":{"line":17,"column":3}},"4":{"start":{"line":21,"column":2},"end":{"line":21,"column":86}}},"fnMap":{"0":{"name":"(anonymous_0)","decl":{"start":{"line":9,"column":30},"end":{"line":9,"column":31}},"loc":{"start":{"line":9,"column":46},"end":{"line":12,"column":3}},"line":9},"1":{"name":"(anonymous_1)","decl":{"start":{"line":13,"column":30},"end":{"line":13,"column":31}},"loc":{"start":{"line":13,"column":54},"end":{"line":17,"column":3}},"line":13},"2":{"name":"(anonymous_2)","decl":{"start":{"line":20,"column":15},"end":{"line":20,"column":16}},"loc":{"start":{"line":21,"column":2},"end":{"line":21,"column":86}},"line":21}},"branchMap":{"0":{"loc":{"start":{"line":20,"column":16},"end":{"line":20,"column":36}},"type":"default-arg","locations":[{"start":{"line":20,"column":24},"end":{"line":20,"column":36}}],"line":20},"1":{"loc":{"start":{"line":21,"column":2},"end":{"line":21,"column":86}},"type":"cond-expr","locations":[{"start":{"line":21,"column":32},"end":{"line":21,"column":78}},{"start":{"line":21,"column":81},"end":{"line":21,"column":86}}],"line":21}},"s":{"0":1,"1":1,"2":1,"3":0,"4":4},"f":{"0":1,"1":0,"2":4},"b":{"0":[3],"1":[1,3]},"_coverageSchema":"332fd63041d2c1bcb487cc26dd0d5f7d97098a6c","hash":"27282480a3771c4931796538a3eaa4c03302816f"}
,"/Users/jaydev/Projects/distru/rocket-ui-test/src/stores/Root.js": {"path":"/Users/jaydev/Projects/distru/rocket-ui-test/src/stores/Root.js","statementMap":{"0":{"start":{"line":5,"column":20},"end":{"line":7,"column":2}},"1":{"start":{"line":9,"column":14},"end":{"line":9,"column":61}}},"fnMap":{},"branchMap":{},"s":{"0":1,"1":1},"f":{},"b":{},"_coverageSchema":"332fd63041d2c1bcb487cc26dd0d5f7d97098a6c","hash":"198cadede242f50d5ea67b4f192325bf7fbb465e"}
,"/Users/jaydev/Projects/distru/rocket-ui-test/src/views/ConnectedView.jsx": {"path":"/Users/jaydev/Projects/distru/rocket-ui-test/src/views/ConnectedView.jsx","statementMap":{"0":{"start":{"line":8,"column":13},"end":{"line":8,"column":25}},"1":{"start":{"line":18,"column":6},"end":{"line":18,"column":28}},"2":{"start":{"line":22,"column":26},"end":{"line":25,"column":7}},"3":{"start":{"line":27,"column":6},"end":{"line":33,"column":8}},"4":{"start":{"line":37,"column":26},"end":{"line":37,"column":40}},"5":{"start":{"line":37,"column":35},"end":{"line":37,"column":40}},"6":{"start":{"line":39,"column":29},"end":{"line":41,"column":4}},"7":{"start":{"line":39,"column":42},"end":{"line":41,"column":3}},"8":{"start":{"line":43,"column":2},"end":{"line":46,"column":22}}},"fnMap":{"0":{"name":"MasterLayoutHOC","decl":{"start":{"line":10,"column":9},"end":{"line":10,"column":24}},"loc":{"start":{"line":10,"column":53},"end":{"line":47,"column":1}},"line":10},"1":{"name":"(anonymous_1)","decl":{"start":{"line":17,"column":4},"end":{"line":17,"column":5}},"loc":{"start":{"line":17,"column":40},"end":{"line":19,"column":5}},"line":17},"2":{"name":"(anonymous_2)","decl":{"start":{"line":20,"column":4},"end":{"line":20,"column":5}},"loc":{"start":{"line":20,"column":13},"end":{"line":34,"column":5}},"line":20},"3":{"name":"(anonymous_3)","decl":{"start":{"line":37,"column":26},"end":{"line":37,"column":27}},"loc":{"start":{"line":37,"column":35},"end":{"line":37,"column":40}},"line":37},"4":{"name":"(anonymous_4)","decl":{"start":{"line":39,"column":29},"end":{"line":39,"column":30}},"loc":{"start":{"line":39,"column":42},"end":{"line":41,"column":3}},"line":39}},"branchMap":{},"s":{"0":1,"1":0,"2":2,"3":2,"4":1,"5":2,"6":1,"7":1,"8":1},"f":{"0":1,"1":0,"2":2,"3":2,"4":1},"b":{},"_coverageSchema":"332fd63041d2c1bcb487cc26dd0d5f7d97098a6c","hash":"6d383887effc05d0b16a8103834e67e264760ffe"}
,"/Users/jaydev/Projects/distru/rocket-ui-test/src/views/ErrorBoundry.jsx": {"path":"/Users/jaydev/Projects/distru/rocket-ui-test/src/views/ErrorBoundry.jsx","statementMap":{"0":{"start":{"line":11,"column":6},"end":{"line":11,"column":32}},"1":{"start":{"line":15,"column":6},"end":{"line":15,"column":53}},"2":{"start":{"line":19,"column":6},"end":{"line":24,"column":7}},"3":{"start":{"line":21,"column":8},"end":{"line":23,"column":19}},"4":{"start":{"line":25,"column":6},"end":{"line":25,"column":33}}},"fnMap":{"0":{"name":"(anonymous_0)","decl":{"start":{"line":9,"column":4},"end":{"line":9,"column":5}},"loc":{"start":{"line":9,"column":43},"end":{"line":12,"column":5}},"line":9},"1":{"name":"(anonymous_1)","decl":{"start":{"line":13,"column":4},"end":{"line":13,"column":5}},"loc":{"start":{"line":13,"column":35},"end":{"line":16,"column":5}},"line":13},"2":{"name":"(anonymous_2)","decl":{"start":{"line":17,"column":4},"end":{"line":17,"column":5}},"loc":{"start":{"line":17,"column":13},"end":{"line":26,"column":5}},"line":17}},"branchMap":{"0":{"loc":{"start":{"line":19,"column":6},"end":{"line":24,"column":7}},"type":"if","locations":[{"start":{"line":19,"column":6},"end":{"line":24,"column":7}},{"start":{"line":19,"column":6},"end":{"line":24,"column":7}}],"line":19}},"s":{"0":0,"1":0,"2":2,"3":0,"4":2},"f":{"0":0,"1":0,"2":2},"b":{"0":[0,2]},"_coverageSchema":"332fd63041d2c1bcb487cc26dd0d5f7d97098a6c","hash":"a3ca084acf840ca5c3300797e0484463355afbc9"}
,"/Users/jaydev/Projects/distru/rocket-ui-test/src/views/Launches.jsx": {"path":"/Users/jaydev/Projects/distru/rocket-ui-test/src/views/Launches.jsx","statementMap":{"0":{"start":{"line":17,"column":45},"end":{"line":17,"column":55}},"1":{"start":{"line":18,"column":4},"end":{"line":18,"column":60}},"2":{"start":{"line":25,"column":4},"end":{"line":41,"column":5}},"3":{"start":{"line":26,"column":6},"end":{"line":26,"column":66}},"4":{"start":{"line":30,"column":32},"end":{"line":30,"column":108}},"5":{"start":{"line":30,"column":70},"end":{"line":30,"column":107}},"6":{"start":{"line":33,"column":6},"end":{"line":40,"column":7}},"7":{"start":{"line":34,"column":28},"end":{"line":34,"column":69}},"8":{"start":{"line":35,"column":8},"end":{"line":35,"column":117}},"9":{"start":{"line":39,"column":8},"end":{"line":39,"column":56}},"10":{"start":{"line":47,"column":33},"end":{"line":47,"column":43}},"11":{"start":{"line":49,"column":4},"end":{"line":51,"column":5}},"12":{"start":{"line":50,"column":6},"end":{"line":50,"column":34}},"13":{"start":{"line":53,"column":4},"end":{"line":55,"column":5}},"14":{"start":{"line":54,"column":6},"end":{"line":54,"column":34}},"15":{"start":{"line":57,"column":19},"end":{"line":57,"column":21}},"16":{"start":{"line":59,"column":4},"end":{"line":72,"column":5}},"17":{"start":{"line":60,"column":21},"end":{"line":60,"column":49}},"18":{"start":{"line":62,"column":6},"end":{"line":71,"column":7}},"19":{"start":{"line":68,"column":67},"end":{"line":68,"column":115}},"20":{"start":{"line":74,"column":4},"end":{"line":74,"column":31}},"21":{"start":{"line":78,"column":4},"end":{"line":83,"column":6}}},"fnMap":{"0":{"name":"(anonymous_0)","decl":{"start":{"line":16,"column":2},"end":{"line":16,"column":3}},"loc":{"start":{"line":16,"column":22},"end":{"line":19,"column":3}},"line":16},"1":{"name":"(anonymous_1)","decl":{"start":{"line":22,"column":20},"end":{"line":22,"column":21}},"loc":{"start":{"line":22,"column":63},"end":{"line":44,"column":3}},"line":22},"2":{"name":"(anonymous_2)","decl":{"start":{"line":30,"column":60},"end":{"line":30,"column":61}},"loc":{"start":{"line":30,"column":70},"end":{"line":30,"column":107}},"line":30},"3":{"name":"(anonymous_3)","decl":{"start":{"line":46,"column":15},"end":{"line":46,"column":16}},"loc":{"start":{"line":46,"column":21},"end":{"line":75,"column":3}},"line":46},"4":{"name":"(anonymous_4)","decl":{"start":{"line":68,"column":57},"end":{"line":68,"column":58}},"loc":{"start":{"line":68,"column":67},"end":{"line":68,"column":115}},"line":68},"5":{"name":"(anonymous_5)","decl":{"start":{"line":77,"column":2},"end":{"line":77,"column":3}},"loc":{"start":{"line":77,"column":11},"end":{"line":84,"column":3}},"line":77}},"branchMap":{"0":{"loc":{"start":{"line":25,"column":4},"end":{"line":41,"column":5}},"type":"if","locations":[{"start":{"line":25,"column":4},"end":{"line":41,"column":5}},{"start":{"line":25,"column":4},"end":{"line":41,"column":5}}],"line":25},"1":{"loc":{"start":{"line":33,"column":6},"end":{"line":40,"column":7}},"type":"if","locations":[{"start":{"line":33,"column":6},"end":{"line":40,"column":7}},{"start":{"line":33,"column":6},"end":{"line":40,"column":7}}],"line":33},"2":{"loc":{"start":{"line":49,"column":4},"end":{"line":51,"column":5}},"type":"if","locations":[{"start":{"line":49,"column":4},"end":{"line":51,"column":5}},{"start":{"line":49,"column":4},"end":{"line":51,"column":5}}],"line":49},"3":{"loc":{"start":{"line":49,"column":8},"end":{"line":49,"column":54}},"type":"binary-expr","locations":[{"start":{"line":49,"column":8},"end":{"line":49,"column":25}},{"start":{"line":49,"column":29},"end":{"line":49,"column":54}}],"line":49},"4":{"loc":{"start":{"line":53,"column":4},"end":{"line":55,"column":5}},"type":"if","locations":[{"start":{"line":53,"column":4},"end":{"line":55,"column":5}},{"start":{"line":53,"column":4},"end":{"line":55,"column":5}}],"line":53}},"s":{"0":1,"1":1,"2":0,"3":0,"4":0,"5":0,"6":0,"7":0,"8":0,"9":0,"10":2,"11":2,"12":1,"13":1,"14":1,"15":0,"16":0,"17":0,"18":0,"19":0,"20":0,"21":2},"f":{"0":1,"1":0,"2":0,"3":2,"4":0,"5":2},"b":{"0":[0,0],"1":[0,0],"2":[1,1],"3":[2,2],"4":[1,0]},"_coverageSchema":"332fd63041d2c1bcb487cc26dd0d5f7d97098a6c","hash":"8b79b73e67dc3697af560f40d14562d2a7fc4475"}
,"/Users/jaydev/Projects/distru/rocket-ui-test/src/views/Layout.jsx": {"path":"/Users/jaydev/Projects/distru/rocket-ui-test/src/views/Layout.jsx","statementMap":{"0":{"start":{"line":3,"column":15},"end":{"line":17,"column":1}},"1":{"start":{"line":6,"column":2},"end":{"line":16,"column":4}}},"fnMap":{"0":{"name":"(anonymous_0)","decl":{"start":{"line":3,"column":15},"end":{"line":3,"column":16}},"loc":{"start":{"line":5,"column":22},"end":{"line":17,"column":1}},"line":5}},"branchMap":{},"s":{"0":1,"1":2},"f":{"0":2},"b":{},"_coverageSchema":"332fd63041d2c1bcb487cc26dd0d5f7d97098a6c","hash":"93d3cee152896c1771930fe3a61eccc22c821920"}
}
