TN:
SF:/Users/jaydev/Projects/distru/rocket-ui-test/src/routes.jsx
FN:8,(anonymous_0)
FNF:1
FNH:1
FNDA:1,(anonymous_0)
DA:8,1
DA:9,1
LF:2
LH:2
BRF:0
BRH:0
end_of_record
TN:
SF:/Users/jaydev/Projects/distru/rocket-ui-test/src/actions/Launches.js
FN:8,(anonymous_0)
FN:12,(anonymous_1)
FN:19,(anonymous_2)
FN:21,(anonymous_3)
FN:24,(anonymous_4)
FN:26,(anonymous_5)
FNF:6
FNH:4
FNDA:1,(anonymous_0)
FNDA:0,(anonymous_1)
FNDA:1,(anonymous_2)
FNDA:0,(anonymous_3)
FNDA:1,(anonymous_4)
FNDA:1,(anonymous_5)
DA:3,1
DA:8,1
DA:12,1
DA:19,1
DA:20,1
DA:21,1
DA:24,1
DA:26,1
DA:27,1
LF:9
LH:9
BRDA:24,0,0,1
BRDA:24,0,1,0
BRDA:27,1,0,1
BRDA:27,1,1,1
BRF:4
BRH:3
end_of_record
TN:
SF:/Users/jaydev/Projects/distru/rocket-ui-test/src/components/Launch.jsx
FN:4,(anonymous_0)
FN:9,(anonymous_1)
FNF:2
FNH:1
FNDA:1,(anonymous_0)
FNDA:0,(anonymous_1)
DA:4,2
DA:6,1
DA:8,1
DA:9,0
LF:4
LH:3
BRDA:6,0,0,0
BRDA:6,0,1,1
BRDA:15,1,0,1
BRDA:15,1,1,1
BRDA:16,2,0,1
BRDA:16,2,1,1
BRF:6
BRH:5
end_of_record
TN:
SF:/Users/jaydev/Projects/distru/rocket-ui-test/src/components/Navigation.jsx
FN:4,(anonymous_0)
FNF:1
FNH:1
FNDA:2,(anonymous_0)
DA:4,2
DA:5,2
LF:2
LH:2
BRF:0
BRH:0
end_of_record
TN:
SF:/Users/jaydev/Projects/distru/rocket-ui-test/src/services/SPACEXService.js
FN:10,(anonymous_0)
FN:14,(anonymous_1)
FNF:2
FNH:1
FNDA:1,(anonymous_0)
FNDA:0,(anonymous_1)
DA:3,1
DA:4,1
DA:5,1
DA:7,1
DA:9,1
DA:10,1
DA:13,1
DA:14,0
LF:8
LH:7
BRF:0
BRH:0
end_of_record
TN:
SF:/Users/jaydev/Projects/distru/rocket-ui-test/src/stores/LaunchCollectionReducer.js
FN:9,(anonymous_0)
FN:13,(anonymous_1)
FN:20,(anonymous_2)
FNF:3
FNH:2
FNDA:1,(anonymous_0)
FNDA:0,(anonymous_1)
FNDA:4,(anonymous_2)
DA:3,1
DA:8,1
DA:9,1
DA:13,0
DA:21,4
LF:5
LH:4
BRDA:20,0,0,3
BRDA:21,1,0,1
BRDA:21,1,1,3
BRF:3
BRH:3
end_of_record
TN:
SF:/Users/jaydev/Projects/distru/rocket-ui-test/src/stores/Root.js
FNF:0
FNH:0
DA:5,1
DA:9,1
LF:2
LH:2
BRF:0
BRH:0
end_of_record
TN:
SF:/Users/jaydev/Projects/distru/rocket-ui-test/src/views/ConnectedView.jsx
FN:10,MasterLayoutHOC
FN:17,(anonymous_1)
FN:20,(anonymous_2)
FN:37,(anonymous_3)
FN:39,(anonymous_4)
FNF:5
FNH:4
FNDA:1,MasterLayoutHOC
FNDA:0,(anonymous_1)
FNDA:2,(anonymous_2)
FNDA:2,(anonymous_3)
FNDA:1,(anonymous_4)
DA:8,1
DA:18,0
DA:22,2
DA:27,2
DA:37,2
DA:39,1
DA:43,1
LF:7
LH:6
BRF:0
BRH:0
end_of_record
TN:
SF:/Users/jaydev/Projects/distru/rocket-ui-test/src/views/ErrorBoundry.jsx
FN:9,(anonymous_0)
FN:13,(anonymous_1)
FN:17,(anonymous_2)
FNF:3
FNH:1
FNDA:0,(anonymous_0)
FNDA:0,(anonymous_1)
FNDA:2,(anonymous_2)
DA:11,0
DA:15,0
DA:19,2
DA:21,0
DA:25,2
LF:5
LH:2
BRDA:19,0,0,0
BRDA:19,0,1,2
BRF:2
BRH:1
end_of_record
TN:
SF:/Users/jaydev/Projects/distru/rocket-ui-test/src/views/Launches.jsx
FN:16,(anonymous_0)
FN:22,(anonymous_1)
FN:30,(anonymous_2)
FN:46,(anonymous_3)
FN:68,(anonymous_4)
FN:77,(anonymous_5)
FNF:6
FNH:3
FNDA:1,(anonymous_0)
FNDA:0,(anonymous_1)
FNDA:0,(anonymous_2)
FNDA:2,(anonymous_3)
FNDA:0,(anonymous_4)
FNDA:2,(anonymous_5)
DA:17,1
DA:18,1
DA:25,0
DA:26,0
DA:30,0
DA:33,0
DA:34,0
DA:35,0
DA:39,0
DA:47,2
DA:49,2
DA:50,1
DA:53,1
DA:54,1
DA:57,0
DA:59,0
DA:60,0
DA:62,0
DA:68,0
DA:74,0
DA:78,2
LF:21
LH:8
BRDA:25,0,0,0
BRDA:25,0,1,0
BRDA:33,1,0,0
BRDA:33,1,1,0
BRDA:49,2,0,1
BRDA:49,2,1,1
BRDA:49,3,0,2
BRDA:49,3,1,2
BRDA:53,4,0,1
BRDA:53,4,1,0
BRF:10
BRH:5
end_of_record
TN:
SF:/Users/jaydev/Projects/distru/rocket-ui-test/src/views/Layout.jsx
FN:3,(anonymous_0)
FNF:1
FNH:1
FNDA:2,(anonymous_0)
DA:3,1
DA:6,2
LF:2
LH:2
BRF:0
BRH:0
end_of_record
